TN:
SF:/home/allen/Documents/CPlusPlus/FusionProcess/app/domain/data_association/KM_algorithm/kuhn_munkres_algo.cpp
FN:8,_ZN11KMAlgorithmC2Ev
FN:9,_ZN11KMAlgorithmD2Ev
FN:15,_ZN11KMAlgorithm5SolveERSt6vectorIS0_IdSaIdEESaIS2_EERS0_IiSaIiEE
FN:48,_ZN11KMAlgorithm17assignmentoptimalEPiPdS1_ii
FN:178,_ZN11KMAlgorithm21buildassignmentvectorEPiPbii
FN:196,_ZN11KMAlgorithm21computeassignmentcostEPiPdS1_i
FN:209,_ZN11KMAlgorithm6step2aEPiPdPbS2_S2_S2_S2_iii
FN:233,_ZN11KMAlgorithm6step2bEPiPdPbS2_S2_S2_S2_iii
FN:257,_ZN11KMAlgorithm5step3EPiPdPbS2_S2_S2_S2_iii
FN:300,_ZN11KMAlgorithm5step4EPiPdPbS2_S2_S2_S2_iiiii
FN:354,_ZN11KMAlgorithm5step5EPiPdPbS2_S2_S2_S2_iii
FNDA:2,_ZN11KMAlgorithm6step2aEPiPdPbS2_S2_S2_S2_iii
FNDA:1,_ZN11KMAlgorithm21buildassignmentvectorEPiPbii
FNDA:3,_ZN11KMAlgorithm6step2bEPiPdPbS2_S2_S2_S2_iii
FNDA:2,_ZN11KMAlgorithmC2Ev
FNDA:1,_ZN11KMAlgorithm5SolveERSt6vectorIS0_IdSaIdEESaIS2_EERS0_IiSaIiEE
FNDA:5,_ZN11KMAlgorithm5step3EPiPdPbS2_S2_S2_S2_iii
FNDA:3,_ZN11KMAlgorithm5step5EPiPdPbS2_S2_S2_S2_iii
FNDA:1,_ZN11KMAlgorithm17assignmentoptimalEPiPdS1_ii
FNDA:1,_ZN11KMAlgorithm21computeassignmentcostEPiPdS1_i
FNDA:2,_ZN11KMAlgorithm5step4EPiPdPbS2_S2_S2_S2_iiiii
FNDA:2,_ZN11KMAlgorithmD2Ev
FNF:11
FNH:11
BRDA:20,4294967295,0,1
BRDA:20,4294967295,1,0
BRDA:21,4294967295,0,1
BRDA:21,4294967295,1,0
BRDA:28,0,0,3
BRDA:28,0,1,1
BRDA:29,1,0,9
BRDA:29,1,1,3
BRDA:36,0,0,3
BRDA:36,0,1,1
BRDA:39,0,0,1
BRDA:39,0,1,0
BRDA:40,0,0,1
BRDA:40,0,1,0
BRDA:56,1,0,3
BRDA:56,1,1,1
BRDA:65,1,0,9
BRDA:65,1,1,1
BRDA:68,0,0,0
BRDA:68,0,1,9
BRDA:82,0,0,1
BRDA:82,0,1,0
BRDA:86,1,0,3
BRDA:86,1,1,1
BRDA:92,0,0,6
BRDA:92,0,1,3
BRDA:95,0,0,0
BRDA:95,0,1,6
BRDA:102,0,0,9
BRDA:102,0,1,3
BRDA:110,1,0,3
BRDA:110,1,1,1
BRDA:111,1,0,7
BRDA:111,1,1,2
BRDA:112,0,0,3
BRDA:112,0,1,4
BRDA:113,0,0,1
BRDA:113,0,1,2
BRDA:124,1,0,-
BRDA:124,1,1,-
BRDA:131,0,0,-
BRDA:131,0,1,-
BRDA:134,0,0,-
BRDA:134,0,1,-
BRDA:140,0,0,-
BRDA:140,0,1,-
BRDA:145,1,0,-
BRDA:145,1,1,-
BRDA:146,1,0,-
BRDA:146,1,1,-
BRDA:147,0,0,-
BRDA:147,0,1,-
BRDA:148,0,0,-
BRDA:148,0,1,-
BRDA:155,1,0,-
BRDA:155,1,1,-
BRDA:182,1,0,3
BRDA:182,1,1,1
BRDA:183,1,0,6
BRDA:183,1,1,0
BRDA:184,0,0,3
BRDA:184,0,1,3
BRDA:200,1,0,3
BRDA:200,1,1,1
BRDA:203,0,0,3
BRDA:203,0,1,0
BRDA:215,1,0,6
BRDA:215,1,1,2
BRDA:219,0,0,12
BRDA:219,0,1,1
BRDA:220,0,0,5
BRDA:220,0,1,7
BRDA:239,1,0,9
BRDA:239,1,1,3
BRDA:240,0,0,6
BRDA:240,0,1,3
BRDA:243,0,0,1
BRDA:243,0,1,2
BRDA:263,0,0,8
BRDA:263,0,1,3
BRDA:266,1,0,20
BRDA:266,1,1,6
BRDA:267,0,0,12
BRDA:267,0,1,8
BRDA:268,1,0,30
BRDA:268,1,1,7
BRDA:269,0,0,21
BRDA:269,0,1,9
BRDA:269,1,2,5
BRDA:269,1,3,16
BRDA:275,1,0,10
BRDA:275,1,1,2
BRDA:276,0,0,3
BRDA:276,0,1,7
BRDA:279,0,0,2
BRDA:279,0,1,3
BRDA:306,1,0,18
BRDA:306,1,1,2
BRDA:314,1,0,3
BRDA:314,1,1,0
BRDA:315,0,0,2
BRDA:315,0,1,1
BRDA:318,0,0,3
BRDA:318,0,1,2
BRDA:325,1,0,7
BRDA:325,1,1,0
BRDA:326,0,0,3
BRDA:326,0,1,4
BRDA:334,1,0,7
BRDA:334,1,1,2
BRDA:335,0,0,1
BRDA:335,0,1,6
BRDA:341,1,0,18
BRDA:341,1,1,2
BRDA:346,1,0,6
BRDA:346,1,1,2
BRDA:361,1,0,9
BRDA:361,1,1,3
BRDA:362,0,0,8
BRDA:362,0,1,1
BRDA:363,1,0,24
BRDA:363,1,1,8
BRDA:364,0,0,13
BRDA:364,0,1,11
BRDA:367,0,0,3
BRDA:367,0,1,10
BRDA:372,1,0,9
BRDA:372,1,1,3
BRDA:373,0,0,1
BRDA:373,0,1,8
BRDA:374,1,0,3
BRDA:374,1,1,1
BRDA:378,1,0,9
BRDA:378,1,1,3
BRDA:379,0,0,5
BRDA:379,0,1,4
BRDA:380,1,0,15
BRDA:380,1,1,5
BRF:138
BRH:109
DA:8,2
DA:9,2
DA:15,1
DA:17,1
DA:18,1
DA:20,1
DA:21,1
DA:22,1
DA:28,4
DA:29,12
DA:30,9
DA:33,1
DA:35,1
DA:36,4
DA:37,3
DA:39,1
DA:40,1
DA:41,1
DA:48,1
DA:55,1
DA:56,4
DA:57,3
DA:61,1
DA:62,1
DA:63,1
DA:65,10
DA:67,9
DA:68,9
DA:69,0
DA:70,9
DA:75,1
DA:76,1
DA:77,1
DA:78,1
DA:79,1
DA:82,1
DA:84,1
DA:86,4
DA:89,3
DA:90,3
DA:91,3
DA:92,9
DA:94,6
DA:95,6
DA:96,0
DA:97,6
DA:101,3
DA:102,12
DA:104,9
DA:105,9
DA:110,4
DA:111,9
DA:112,7
DA:113,3
DA:115,1
DA:116,1
DA:117,1
DA:122,0
DA:124,0
DA:127,0
DA:128,0
DA:130,0
DA:131,0
DA:133,0
DA:134,0
DA:135,0
DA:139,0
DA:140,0
DA:141,0
DA:145,0
DA:146,0
DA:147,0
DA:148,0
DA:150,0
DA:151,0
DA:152,0
DA:153,0
DA:155,0
DA:156,0
DA:161,1
DA:164,1
DA:167,1
DA:168,1
DA:169,1
DA:170,1
DA:171,1
DA:172,1
DA:174,1
DA:178,1
DA:182,4
DA:183,6
DA:184,6
DA:189,3
DA:191,3
DA:193,1
DA:196,1
DA:200,4
DA:202,3
DA:203,3
DA:204,3
DA:206,1
DA:209,2
DA:215,8
DA:217,6
DA:218,6
DA:219,13
DA:220,12
DA:222,5
DA:223,5
DA:229,2
DA:230,2
DA:233,3
DA:238,3
DA:239,12
DA:240,9
DA:241,6
DA:243,3
DA:246,1
DA:251,2
DA:254,3
DA:257,5
DA:262,5
DA:263,11
DA:265,8
DA:266,26
DA:267,20
DA:268,40
DA:269,30
DA:272,5
DA:275,12
DA:276,10
DA:277,3
DA:279,5
DA:282,2
DA:283,2
DA:287,3
DA:288,3
DA:289,3
DA:290,3
DA:296,3
DA:300,2
DA:303,2
DA:306,20
DA:307,18
DA:310,2
DA:313,2
DA:314,3
DA:315,3
DA:316,2
DA:318,5
DA:321,3
DA:324,3
DA:325,7
DA:326,7
DA:327,3
DA:330,3
DA:333,3
DA:334,9
DA:335,7
DA:336,1
DA:341,20
DA:343,18
DA:344,18
DA:346,8
DA:347,6
DA:350,2
DA:351,2
DA:354,3
DA:360,3
DA:361,12
DA:362,9
DA:363,32
DA:364,24
DA:366,13
DA:367,13
DA:368,3
DA:372,12
DA:373,9
DA:374,4
DA:375,3
DA:378,12
DA:379,9
DA:380,20
DA:381,15
DA:384,3
DA:385,3
LF:186
LH:162
end_of_record
